app/build/intermediates/aapt_proguard_file/civRelease/aapt_rules.txt
-keep class com.atakmap.app.component { <init>(); }