app/build/outputs/mapping/civRelease/seeds.txt
com.atakmap.android.plugintemplate.plugin.PluginTemplateLifecycle
com.atakmap.android.plugintemplate.plugin.PluginTemplateTool
com.atakmap.android.plugintemplate.plugin.R$color: int darker_gray
com.atakmap.android.plugintemplate.plugin.R$color: int white
com.atakmap.android.plugintemplate.plugin.R$dimen: int fontSize
com.atakmap.android.plugintemplate.plugin.R$drawable: int btn_gray
com.atakmap.android.plugintemplate.plugin.R$drawable: int new_dark_button_bg
com.atakmap.android.plugintemplate.plugin.R$drawable: int new_dark_button_disabled
com.atakmap.android.plugintemplate.plugin.R$drawable: int new_dark_button_selected
com.atakmap.android.plugintemplate.plugin.R$drawable: int sarus
com.atakmap.android.plugintemplate.plugin.R$id: int ScrollView
com.atakmap.android.plugintemplate.plugin.R$id: int btn_3D
com.atakmap.android.plugintemplate.plugin.R$id: int btn_MissionControl
com.atakmap.android.plugintemplate.plugin.R$id: int btn_Unit
com.atakmap.android.plugintemplate.plugin.R$id: int btn_button
com.atakmap.android.plugintemplate.plugin.R$id: int btn_geoFence
com.atakmap.android.plugintemplate.plugin.R$id: int btn_home
com.atakmap.android.plugintemplate.plugin.R$id: int btn_https
com.atakmap.android.plugintemplate.plugin.R$id: int btn_livefeed
com.atakmap.android.plugintemplate.plugin.R$id: int btn_marker
com.atakmap.android.plugintemplate.plugin.R$id: int btn_number
com.atakmap.android.plugintemplate.plugin.R$id: int btn_sendCoT
com.atakmap.android.plugintemplate.plugin.R$id: int btn_waypoint
com.atakmap.android.plugintemplate.plugin.R$id: int debugText
com.atakmap.android.plugintemplate.plugin.R$id: int in_GPS
com.atakmap.android.plugintemplate.plugin.R$id: int in_GPS_Model
com.atakmap.android.plugintemplate.plugin.R$id: int in_URL
com.atakmap.android.plugintemplate.plugin.R$id: int layout_3D
com.atakmap.android.plugintemplate.plugin.R$id: int layout_Buttons
com.atakmap.android.plugintemplate.plugin.R$id: int layout_LiveFeed
com.atakmap.android.plugintemplate.plugin.R$id: int layout_MissionControl
com.atakmap.android.plugintemplate.plugin.R$id: int layout_Principal
com.atakmap.android.plugintemplate.plugin.R$id: int layout_Unit
com.atakmap.android.plugintemplate.plugin.R$layout: int main_layout
com.atakmap.android.plugintemplate.plugin.R$string: int ExtractGeoFence
com.atakmap.android.plugintemplate.plugin.R$string: int GPS
com.atakmap.android.plugintemplate.plugin.R$string: int SendCoT
com.atakmap.android.plugintemplate.plugin.R$string: int addOne
com.atakmap.android.plugintemplate.plugin.R$string: int app_desc
com.atakmap.android.plugintemplate.plugin.R$string: int app_name
com.atakmap.android.plugintemplate.plugin.R$string: int coords
com.atakmap.android.plugintemplate.plugin.R$string: int create_model
com.atakmap.android.plugintemplate.plugin.R$string: int downloadPath
com.atakmap.android.plugintemplate.plugin.R$string: int home
com.atakmap.android.plugintemplate.plugin.R$string: int liveFeedDescription
com.atakmap.android.plugintemplate.plugin.R$string: int livefeed
com.atakmap.android.plugintemplate.plugin.R$string: int marker
com.atakmap.android.plugintemplate.plugin.R$string: int menu
com.atakmap.android.plugintemplate.plugin.R$string: int missionControl
com.atakmap.android.plugintemplate.plugin.R$string: int model_file
com.atakmap.android.plugintemplate.plugin.R$string: int threeDMap
com.atakmap.android.plugintemplate.plugin.R$string: int toggle
com.atakmap.android.plugintemplate.plugin.R$string: int unit
com.atakmap.android.plugintemplate.plugin.R$string: int waypoint