app/build/outputs/mapping/civRelease/mapping.txt
com.atakmap.android.plugintemplate.plugin.BuildConfig -> com.atakmap.android.plugintemplate.plugin.a:
    boolean DEBUG -> a
    java.lang.String APPLICATION_ID -> b
    java.lang.String BUILD_TYPE -> c
    java.lang.String FLAVOR -> d
    int VERSION_CODE -> e
    java.lang.String VERSION_NAME -> f
    6:6:void <init>() -> <init>
com.atakmap.android.plugintemplate.plugin.HTTPSRequest -> com.atakmap.android.plugintemplate.plugin.b:
    8:8:void <init>() -> <init>
    13:41:void sendHTTPSRequest(java.lang.String) -> a
    44:77:void sendHTTPSRequestAsync(java.lang.String) -> b
    47:75:void lambda$sendHTTPSRequestAsync$0(java.lang.String) -> c
com.atakmap.android.plugintemplate.plugin.PluginNativeLoader -> com.atakmap.android.plugintemplate.plugin.c:
    java.lang.String TAG -> a
    java.lang.String ndl -> b
    10:10:void <init>() -> <init>
    22:33:void init(android.content.Context) -> a
    43:53:void loadLibrary(java.lang.String) -> a
    13:13:void <clinit>() -> <clinit>
com.atakmap.android.plugintemplate.plugin.PluginTemplateLifecycle -> com.atakmap.android.plugintemplate.plugin.PluginTemplateLifecycle:
    android.content.Context pluginContext -> a
    java.util.Collection overlays -> b
    com.atakmap.android.maps.MapView mapView -> c
    java.lang.String TAG -> d
    26:31:void <init>(android.content.Context) -> <init>
    35:37:void onConfigurationChanged(android.content.res.Configuration) -> onConfigurationChanged
    42:67:void onCreate(android.app.Activity,transapps.mapi.MapView) -> onCreate
    71:73:void onDestroy() -> onDestroy
    78:78:void onFinish() -> onFinish
    82:84:void onPause() -> onPause
    88:90:void onResume() -> onResume
    94:96:void onStart() -> onStart
    100:102:void onStop() -> onStop
com.atakmap.android.plugintemplate.plugin.PluginTemplateTool -> com.atakmap.android.plugintemplate.plugin.PluginTemplateTool:
    android.content.Context context -> a
    22:24:void <init>(android.content.Context) -> <init>
    28:28:java.lang.String getDescription() -> getDescription
    33:34:android.graphics.drawable.Drawable getIcon() -> getIcon
    39:39:transapps.maps.plugin.tool.Group[] getGroups() -> getGroups
    46:46:java.lang.String getShortDescription() -> getShortDescription
    51:51:transapps.maps.plugin.tool.Tool getTool() -> getTool
    61:70:void onActivate(android.app.Activity,transapps.mapi.MapView,android.view.ViewGroup,android.os.Bundle,transapps.maps.plugin.tool.Tool$ToolCallback) -> onActivate
    74:74:void onDeactivate(transapps.maps.plugin.tool.Tool$ToolCallback) -> onDeactivate
com.atakmap.android.plugintemplate.plugin.R -> com.atakmap.android.plugintemplate.plugin.d:
    void <init>() -> <init>
com.atakmap.android.plugintemplate.plugin.R$color -> com.atakmap.android.plugintemplate.plugin.d$a:
    int darker_gray -> darker_gray
    int white -> white
    void <init>() -> <init>
com.atakmap.android.plugintemplate.plugin.R$dimen -> com.atakmap.android.plugintemplate.plugin.d$b:
    int fontSize -> fontSize
    void <init>() -> <init>
com.atakmap.android.plugintemplate.plugin.R$drawable -> com.atakmap.android.plugintemplate.plugin.d$c:
    int btn_gray -> btn_gray
    int new_dark_button_bg -> new_dark_button_bg
    int new_dark_button_disabled -> new_dark_button_disabled
    int new_dark_button_selected -> new_dark_button_selected
    int sarus -> sarus
    void <init>() -> <init>
...
com.atakmap.android.plugintemplate.PluginTemplateDropDownReceiver -> atakplugin.PluginTemplate.a:
    java.lang.String TAG -> a
    java.lang.String SHOW_PLUGIN -> b
    android.view.View SARUS_View -> c
    com.atakmap.android.maps.MapView mapView -> d
    android.content.Context pluginContext -> e
    android.widget.TextView numberText -> f
    android.widget.TextView debugText -> g
    int number -> h
    com.atakmap.android.plugintemplate.plugin.HTTPSRequest httpsRequest -> i
    android.widget.EditText in_gps -> j
    android.widget.EditText in_gps_model -> k
    android.widget.EditText in_url -> l
    android.widget.LinearLayout layout_button -> m
    android.widget.LinearLayout layout_3D -> n
    android.widget.LinearLayout layout_LiveFeed -> o
    android.widget.LinearLayout layout_MissionControl -> p
    android.widget.LinearLayout layout_Unit -> q
    java.util.Vector layouts -> r
    java.io.File SARUSDownloadDirectory -> s
    com.atakmap.android.geofence.monitor.GeoFenceManager geoFenceManager -> t
    com.atakmap.android.maps.MapGroup rootGroup -> u
    java.lang.String uuid -> v
    com.atakmap.android.maps.Marker myMarker -> w
    int RED -> x
    int GREEN -> y
    java.lang.String CIRCLE -> z
    java.lang.String POLYLINE -> A
    java.lang.String RECTANGLE -> B
    95:204:void <init>(com.atakmap.android.maps.MapView,android.content.Context) -> <init>
    208:209:void toast(java.lang.String) -> a
com.atakmap.android.plugintemplate.PluginTemplateDropDownReceiver$VehicleModelData -> atakplugin.PluginTemplate.a$a:
    java.lang.String uid -> a
    com.atakmap.android.vehicle.model.VehicleModelInfo info -> b
    630:649:void <init>(com.atakmap.android.vehicle.model.VehicleModelInfo,com.atakmap.coremap.maps.coords.GeoPointMetaData,java.lang.String) -> <init>
    652:652:java.lang.String getUID() -> getUID
com.atakmap.android.plugintemplate.PluginTemplateMapComponent -> atakplugin.PluginTemplate.b:
    java.lang.String TAG -> a
    android.content.Context pluginContext -> b
    com.atakmap.android.plugintemplate.PluginTemplateDropDownReceiver ddr -> c
    14:14:void <init>() -> <init>
    25:36:void onCreate(android.content.Context,android.content.Intent,com.atakmap.android.maps.MapView) -> onCreate
    40:41:void onDestroyImpl(android.content.Context,com.atakmap.android.maps.MapView) -> onDestroyImpl